<?xml version="1.0" encoding="UTF-8" ?>
<!--
  Licensed to the Apache Software Foundation (ASF) under one or more
  contributor license agreements.  See the NOTICE file distributed with
  this work for additional information regarding copyright ownership.
  The ASF licenses this file to You under the Apache License, Version 2.0
  (the "License"); you may not use this file except in compliance with
  the License.  You may obtain a copy of the License at

      http://www.apache.org/licenses/LICENSE-2.0

  Unless required by applicable law or agreed to in writing, software
  distributed under the License is distributed on an "AS IS" BASIS,
  WITHOUT WARRANTIES OR CONDITIONS OF ANY KIND, either express or implied.
  See the License for the specific language governing permissions and
  limitations under the License.
-->
<testsuite errors="1" failures="1" name="sampleproject.coins.CoinTest" tests="11" time="0.171">
  <properties>
    <property name="testsrc" value="test/"></property>
    <property name="java.runtime.name" value="Java(TM) 2 Runtime Environment, Standard Edition"></property>
    <property name="sun.boot.library.path" value="/usr/java/jdk1.3.1_03/jre/lib/i386"></property>
    <property name="java.vm.version" value="1.3.1_03-b03"></property>
    <property name="ant.version" value="Apache Ant version 1.5 compiled on July 9 2002"></property>
    <property name="ant.java.version" value="1.3"></property>
    <property name="java.vm.vendor" value="Sun Microsystems Inc."></property>
    <property name="java.vendor.url" value="http://java.sun.com/"></property>
    <property name="path.separator" value=":"></property>
    <property name="java.vm.name" value="Java HotSpot(TM) Client VM"></property>
    <property name="file.encoding.pkg" value="sun.io"></property>
    <property name="classes" value="classes"></property>
    <property name="java.vm.specification.name" value="Java Virtual Machine Specification"></property>
    <property name="user.dir" value="/home/jkf/programming/gretant_sourceforge/sampleproject"></property>
    <property name="java.runtime.version" value="1.3.1_03-b03"></property>
    <property name="java.awt.graphicsenv" value="sun.awt.X11GraphicsEnvironment"></property>
    <property name="basedir" value="/home/jkf/programming/gretant_sourceforge/sampleproject"></property>
    <property name="os.arch" value="i386"></property>
    <property name="java.io.tmpdir" value="/tmp"></property>
    <property name="line.separator" value="&#xd;&#xa;"></property>
    <property name="java.vm.specification.vendor" value="Sun Microsystems Inc."></property>
    <property name="java.awt.fonts" value=""></property>
    <property name="os.name" value="Linux"></property>
    <property name="ant.home" value="/opt/jakarta-ant-1.5/"></property>
    <property name="ant.project.name" value="sample"></property>
    <property name="reportdir" value="reports"></property>
    <property name="java.library.path" value="/usr/java/jdk1.3.1_03/jre/lib/i386:/usr/java/jdk1.3.1_03/jre/lib/i386/native_threads/:/usr/java/jdk1.3.1_03/jre/lib/i386/client:/usr/java/jdk1.3.1_03/jre/../lib/i386"></property>
    <property name="src" value="code/"></property>
    <property name="debug" value="on"></property>
    <property name="java.specification.name" value="Java Platform API Specification"></property>
    <property name="java.class.version" value="47.0"></property>
    <property name="os.version" value="2.4.18-5"></property>
    <property name="ant.file" value="/home/jkf/programming/gretant_sourceforge/sampleproject/build.xml"></property>
    <property name="unitreport" value="cl-unit.xml"></property>
    <property name="user.home" value="/home/jkf"></property>
    <property name="user.timezone" value="Europe/Amsterdam"></property>
    <property name="java.awt.printerjob" value="sun.awt.motif.PSPrinterJob"></property>
    <property name="java.specification.version" value="1.3"></property>
    <property name="file.encoding" value="ISO-8859-15"></property>
    <property name="java.class.path" value="/opt/jakarta-ant-1.5//lib/xml-apis.jar:/opt/jakarta-ant-1.5//lib/xercesImpl.jar:/opt/jakarta-ant-1.5//lib/xalan.jar:/opt/jakarta-ant-1.5//lib/optional.jar:/opt/jakarta-ant-1.5//lib/junit.jar:/opt/jakarta-ant-1.5//lib/Gretel.jar:/opt/jakarta-ant-1.5//lib/gretant.jar:/opt/jakarta-ant-1.5//lib/cup-runtime.jar:/opt/jakarta-ant-1.5//lib/bcel.jar:/opt/jakarta-ant-1.5//lib/ant.jar:/usr/java/jdk1.3/lib/tools.jar"></property>
    <property name="user.name" value="jkf"></property>
    <property name="coverreport" value="cl-cover.xml"></property>
    <property name="java.vm.specification.version" value="1.0"></property>
    <property name="java.home" value="/usr/java/jdk1.3.1_03/jre"></property>
    <property name="java.specification.vendor" value="Sun Microsystems Inc."></property>
    <property name="user.language" value="en"></property>
    <property name="java.vm.info" value="mixed mode"></property>
    <property name="java.version" value="1.3.1_03"></property>
    <property name="java.ext.dirs" value="/usr/java/jdk1.3.1_03/jre/lib/ext"></property>
    <property name="sun.boot.class.path" value="/usr/java/jdk1.3.1_03/jre/lib/rt.jar:/usr/java/jdk1.3.1_03/jre/lib/i18n.jar:/usr/java/jdk1.3.1_03/jre/lib/sunrsasign.jar:/usr/java/jdk1.3.1_03/jre/classes"></property>
    <property name="java.vendor" value="Sun Microsystems Inc."></property>
    <property name="file.separator" value="/"></property>
    <property name="testclasses" value="testclasses"></property>
    <property name="java.vendor.url.bug" value="http://java.sun.com/cgi-bin/bugreport.cgi"></property>
    <property name="sun.io.unicode.encoding" value="UnicodeLittle"></property>
    <property name="sun.cpu.endian" value="little"></property>
    <property name="gretclasses" value="gretclasses"></property>
    <property name="user.region" value="US"></property>
    <property name="sun.cpu.isalist" value=""></property>
  </properties>
  <testcase name="testEquals" time="0.014"></testcase>
  <testcase name="testHashCode" time="0.0010"></testcase>
  <testcase name="testToString" time="0.0010"></testcase>
  <testcase name="testGetImageURL" time="0.0"></testcase>
  <testcase name="testGetCountry" time="0.0010"></testcase>
  <testcase name="testGetDenomination" time="0.0"></testcase>
  <testcase name="testGetYear" time="0.0"></testcase>
  <testcase name="testGetSubType" time="0.0"></testcase>
  <testcase name="testFail" time="0.0080">
    <failure message="DOEG" type="junit.framework.AssertionFailedError">junit.framework.AssertionFailedError: DOEG
	at sampleproject.coins.CoinTest.testFail(CoinTest.java:229)
</failure>
  </testcase>
  <testcase name="testException" time="0.0010">
    <error message="RTE" type="java.lang.RuntimeException">java.lang.RuntimeException: RTE
	at sampleproject.coins.CoinTest.testException(CoinTest.java:234)
</error>
  </testcase>
  <testcase name="testSuccess" time="0.0"></testcase>
  <system-out><![CDATA[testEquals
testHashCode
Hashcodes: 1434557225 1434557225 1434557226 1463186376 1434556908 1516980401 1434557225
testToString
<Coin=NL,1 Euro,1999,Var a/>
<Coin=NL,1 Euro,1999,null/>
testGetImageURL
testGetCountry
testGetDenomination
testGetYear
testGetSubType
testFail
testException
testSuccess
]]></system-out>
  <system-err><![CDATA[]]></system-err>
</testsuite>
